#separator \x09
#set_separator	,
#empty_field	(empty)
#unset_field	-
#path	weird
#open	2021-10-01-17-45-34
#fields	ts	uid	id.orig_h	id.orig_p	id.resp_h	id.resp_p	name	addl	notice	peer
#types	time	string	addr	port	addr	port	string	string	bool	string
0.000000	-	-	-	-	-	non_ip_packet_in_ethernet	-	F	zeek
1591289986.212722	-	-	-	-	-	unknown_protocol	2	F	zeek
1591290562.915327	-	-	-	-	-	non_ip_packet_in_ethernet	-	F	zeek
1591290612.230383	-	-	-	-	-	unknown_protocol	2	F	zeek
1591291165.519484	-	-	-	-	-	non_ip_packet_in_ethernet	-	F	zeek
1591291224.130524	-	-	-	-	-	unknown_protocol	2	F	zeek
1591291774.864196	-	-	-	-	-	non_ip_packet_in_ethernet	-	F	zeek
1591291832.062568	-	-	-	-	-	unknown_protocol	2	F	zeek
1591292385.889888	-	-	-	-	-	non_ip_packet_in_ethernet	-	F	zeek
1591292458.046864	-	-	-	-	-	unknown_protocol	2	F	zeek
1591293004.091743	-	-	-	-	-	non_ip_packet_in_ethernet	-	F	zeek
1591293612.085481	-	-	-	-	-	unknown_protocol	2	F	zeek
1591293614.122395	-	-	-	-	-	non_ip_packet_in_ethernet	-	F	zeek
1591294223.988241	-	-	-	-	-	non_ip_packet_in_ethernet	-	F	zeek
1591294224.433385	-	-	-	-	-	unknown_protocol	2	F	zeek
1591294831.476224	-	-	-	-	-	non_ip_packet_in_ethernet	-	F	zeek
1591294832.384242	-	-	-	-	-	unknown_protocol	2	F	zeek
1591295436.909098	-	-	-	-	-	non_ip_packet_in_ethernet	-	F	zeek
1591295458.152161	-	-	-	-	-	unknown_protocol	2	F	zeek
1591296285.888287	-	-	-	-	-	unknown_protocol	2	F	zeek
1591296598.593473	-	-	-	-	-	non_ip_packet_in_ethernet	-	F	zeek
1591297206.899369	-	-	-	-	-	non_ip_packet_in_ethernet	-	F	zeek
1591297216.680447	-	-	-	-	-	unknown_protocol	2	F	zeek
1591297811.757457	-	-	-	-	-	non_ip_packet_in_ethernet	-	F	zeek
1591297824.906419	-	-	-	-	-	unknown_protocol	2	F	zeek
1591298417.215688	-	-	-	-	-	non_ip_packet_in_ethernet	-	F	zeek
1591298424.957183	-	-	-	-	-	unknown_protocol	2	F	zeek
1591299025.259810	-	-	-	-	-	non_ip_packet_in_ethernet	-	F	zeek
1591299058.272711	-	-	-	-	-	unknown_protocol	2	F	zeek
1591299630.662190	-	-	-	-	-	non_ip_packet_in_ethernet	-	F	zeek
1591299886.288118	-	-	-	-	-	unknown_protocol	2	F	zeek
1591300243.744091	-	-	-	-	-	non_ip_packet_in_ethernet	-	F	zeek
1591300511.881270	-	-	-	-	-	unknown_protocol	2	F	zeek
1591300845.936386	-	-	-	-	-	non_ip_packet_in_ethernet	-	F	zeek
1591301433.082600	-	-	-	-	-	unknown_protocol	2	F	zeek
1591301458.448961	-	-	-	-	-	non_ip_packet_in_ethernet	-	F	zeek
1591302033.161532	-	-	-	-	-	unknown_protocol	2	F	zeek
1591302058.449653	-	-	-	-	-	non_ip_packet_in_ethernet	-	F	zeek
1591302658.396147	-	-	-	-	-	unknown_protocol	2	F	zeek
1591302658.449458	-	-	-	-	-	non_ip_packet_in_ethernet	-	F	zeek
1591303263.989926	-	-	-	-	-	non_ip_packet_in_ethernet	-	F	zeek
1591303485.698127	-	-	-	-	-	unknown_protocol	2	F	zeek
1591303871.511334	-	-	-	-	-	non_ip_packet_in_ethernet	-	F	zeek
1591304111.275500	-	-	-	-	-	unknown_protocol	2	F	zeek
1591304479.338507	-	-	-	-	-	non_ip_packet_in_ethernet	-	F	zeek
1591304716.451951	-	-	-	-	-	unknown_protocol	2	F	zeek
1591305087.299226	-	-	-	-	-	non_ip_packet_in_ethernet	-	F	zeek
1591305324.819836	-	-	-	-	-	unknown_protocol	2	F	zeek
1591305691.573846	-	-	-	-	-	non_ip_packet_in_ethernet	-	F	zeek
1591306233.693801	-	-	-	-	-	unknown_protocol	2	F	zeek
1591306296.511239	-	-	-	-	-	non_ip_packet_in_ethernet	-	F	zeek
1591306833.781529	-	-	-	-	-	unknown_protocol	2	F	zeek
1591306900.628149	-	-	-	-	-	non_ip_packet_in_ethernet	-	F	zeek
1591307457.560370	-	-	-	-	-	unknown_protocol	2	F	zeek
1591308060.027007	-	-	-	-	-	non_ip_packet_in_ethernet	-	F	zeek
1591308286.228612	-	-	-	-	-	unknown_protocol	2	F	zeek
1591308676.322570	-	-	-	-	-	non_ip_packet_in_ethernet	-	F	zeek
1591308911.876134	-	-	-	-	-	unknown_protocol	2	F	zeek
1591309283.826059	-	-	-	-	-	non_ip_packet_in_ethernet	-	F	zeek
1591309516.339902	-	-	-	-	-	unknown_protocol	2	F	zeek
1591309903.133914	-	-	-	-	-	non_ip_packet_in_ethernet	-	F	zeek
1591310116.511383	-	-	-	-	-	unknown_protocol	2	F	zeek
1591310724.483137	-	-	-	-	-	unknown_protocol	2	F	zeek
1591311066.367693	-	-	-	-	-	non_ip_packet_in_ethernet	-	F	zeek
1591311657.713295	-	-	-	-	-	unknown_protocol	2	F	zeek
1591311674.772421	-	-	-	-	-	non_ip_packet_in_ethernet	-	F	zeek
1591312277.786806	-	-	-	-	-	non_ip_packet_in_ethernet	-	F	zeek
1591312486.711784	-	-	-	-	-	unknown_protocol	2	F	zeek
1591312881.017816	-	-	-	-	-	non_ip_packet_in_ethernet	-	F	zeek
1591313111.365074	-	-	-	-	-	unknown_protocol	2	F	zeek
1591313484.347358	-	-	-	-	-	non_ip_packet_in_ethernet	-	F	zeek
1591313711.429190	-	-	-	-	-	unknown_protocol	2	F	zeek
1591314086.632706	-	-	-	-	-	non_ip_packet_in_ethernet	-	F	zeek
1591314311.498859	-	-	-	-	-	unknown_protocol	2	F	zeek
1591314690.602423	-	-	-	-	-	non_ip_packet_in_ethernet	-	F	zeek
1591314911.760324	-	-	-	-	-	unknown_protocol	2	F	zeek
1591315301.226159	-	-	-	-	-	non_ip_packet_in_ethernet	-	F	zeek
1591315525.128169	-	-	-	-	-	unknown_protocol	2	F	zeek
1591315908.552457	-	-	-	-	-	non_ip_packet_in_ethernet	-	F	zeek
1591316457.890747	-	-	-	-	-	unknown_protocol	2	F	zeek
1591316508.689632	-	-	-	-	-	non_ip_packet_in_ethernet	-	F	zeek
1591317287.327530	-	-	-	-	-	unknown_protocol	2	F	zeek
1591317666.839667	-	-	-	-	-	non_ip_packet_in_ethernet	-	F	zeek
1591317911.892906	-	-	-	-	-	unknown_protocol	2	F	zeek
1591318283.441290	-	-	-	-	-	non_ip_packet_in_ethernet	-	F	zeek
1591318511.960926	-	-	-	-	-	unknown_protocol	2	F	zeek
1591318886.979161	-	-	-	-	-	non_ip_packet_in_ethernet	-	F	zeek
1591319116.882965	-	-	-	-	-	unknown_protocol	2	F	zeek
1591319488.586908	-	-	-	-	-	non_ip_packet_in_ethernet	-	F	zeek
1591319724.676810	-	-	-	-	-	unknown_protocol	2	F	zeek
1591320088.939721	-	-	-	-	-	non_ip_packet_in_ethernet	-	F	zeek
1591320658.047403	-	-	-	-	-	unknown_protocol	2	F	zeek
1591320695.182569	-	-	-	-	-	non_ip_packet_in_ethernet	-	F	zeek
1591321304.525813	-	-	-	-	-	non_ip_packet_in_ethernet	-	F	zeek
1591321486.932798	-	-	-	-	-	unknown_protocol	2	F	zeek
1591321904.292183	-	-	-	-	-	non_ip_packet_in_ethernet	-	F	zeek
1591322112.372450	-	-	-	-	-	unknown_protocol	2	F	zeek
1591322514.635178	-	-	-	-	-	non_ip_packet_in_ethernet	-	F	zeek
1591322712.462504	-	-	-	-	-	unknown_protocol	2	F	zeek
1591323115.823126	-	-	-	-	-	non_ip_packet_in_ethernet	-	F	zeek
1591323312.506825	-	-	-	-	-	unknown_protocol	2	F	zeek
1591323719.424670	-	-	-	-	-	non_ip_packet_in_ethernet	-	F	zeek
1591323925.394247	-	-	-	-	-	unknown_protocol	2	F	zeek
1591324335.541466	-	-	-	-	-	non_ip_packet_in_ethernet	-	F	zeek
1591324858.194315	-	-	-	-	-	unknown_protocol	2	F	zeek
1591324936.376129	-	-	-	-	-	non_ip_packet_in_ethernet	-	F	zeek
1591325458.213949	-	-	-	-	-	unknown_protocol	2	F	zeek
1591325539.735593	-	-	-	-	-	non_ip_packet_in_ethernet	-	F	zeek
1591326144.628506	-	-	-	-	-	non_ip_packet_in_ethernet	-	F	zeek
1591326286.533822	-	-	-	-	-	unknown_protocol	2	F	zeek
1591326912.884710	-	-	-	-	-	unknown_protocol	2	F	zeek
1591327302.698817	-	-	-	-	-	non_ip_packet_in_ethernet	-	F	zeek
1591327526.065154	-	-	-	-	-	unknown_protocol	2	F	zeek
1591327907.515321	-	-	-	-	-	non_ip_packet_in_ethernet	-	F	zeek
1591328458.317224	-	-	-	-	-	unknown_protocol	2	F	zeek
1591328508.910452	-	-	-	-	-	non_ip_packet_in_ethernet	-	F	zeek
1591329115.442273	-	-	-	-	-	non_ip_packet_in_ethernet	-	F	zeek
1591329286.867759	-	-	-	-	-	unknown_protocol	2	F	zeek
1591329726.772016	-	-	-	-	-	non_ip_packet_in_ethernet	-	F	zeek
1591329913.228556	-	-	-	-	-	unknown_protocol	2	F	zeek
1591330336.660048	-	-	-	-	-	non_ip_packet_in_ethernet	-	F	zeek
1591330517.659643	-	-	-	-	-	unknown_protocol	2	F	zeek
1591330936.868641	-	-	-	-	-	non_ip_packet_in_ethernet	-	F	zeek
1591331126.487274	-	-	-	-	-	unknown_protocol	2	F	zeek
1591331553.370744	-	-	-	-	-	non_ip_packet_in_ethernet	-	F	zeek
1591332058.451829	-	-	-	-	-	unknown_protocol	2	F	zeek
1591332161.716445	-	-	-	-	-	non_ip_packet_in_ethernet	-	F	zeek
1591332658.476716	-	-	-	-	-	unknown_protocol	2	F	zeek
1591332775.030286	-	-	-	-	-	non_ip_packet_in_ethernet	-	F	zeek
1591333379.958941	-	-	-	-	-	non_ip_packet_in_ethernet	-	F	zeek
1591333487.309034	-	-	-	-	-	unknown_protocol	2	F	zeek
1591333988.191850	-	-	-	-	-	non_ip_packet_in_ethernet	-	F	zeek
1591334113.731386	-	-	-	-	-	unknown_protocol	2	F	zeek
1591334591.430145	-	-	-	-	-	non_ip_packet_in_ethernet	-	F	zeek
1591334719.116097	-	-	-	-	-	unknown_protocol	2	F	zeek
1591335193.346739	-	-	-	-	-	non_ip_packet_in_ethernet	-	F	zeek
1591335319.513202	-	-	-	-	-	unknown_protocol	2	F	zeek
1591335795.696904	-	-	-	-	-	non_ip_packet_in_ethernet	-	F	zeek
1591335926.443580	-	-	-	-	-	unknown_protocol	2	F	zeek
1591336411.303507	-	-	-	-	-	non_ip_packet_in_ethernet	-	F	zeek
1591336858.665862	-	-	-	-	-	unknown_protocol	2	F	zeek
1591337458.688814	-	-	-	-	-	unknown_protocol	2	F	zeek
1591337574.729209	-	-	-	-	-	non_ip_packet_in_ethernet	-	F	zeek
1591338058.712093	-	-	-	-	-	unknown_protocol	2	F	zeek
1591338178.024630	-	-	-	-	-	non_ip_packet_in_ethernet	-	F	zeek
1591338658.732535	-	-	-	-	-	unknown_protocol	2	F	zeek
1591338780.276145	-	-	-	-	-	non_ip_packet_in_ethernet	-	F	zeek
1591339258.753621	-	-	-	-	-	unknown_protocol	2	F	zeek
1591339390.968613	-	-	-	-	-	non_ip_packet_in_ethernet	-	F	zeek
1591339858.773645	-	-	-	-	-	unknown_protocol	2	F	zeek
1591340003.561953	-	-	-	-	-	non_ip_packet_in_ethernet	-	F	zeek
1591340609.128933	-	-	-	-	-	non_ip_packet_in_ethernet	-	F	zeek
1591340687.180091	-	-	-	-	-	unknown_protocol	2	F	zeek
1591341218.637541	-	-	-	-	-	non_ip_packet_in_ethernet	-	F	zeek
1591341313.601589	-	-	-	-	-	unknown_protocol	2	F	zeek
1591341824.018719	-	-	-	-	-	non_ip_packet_in_ethernet	-	F	zeek
1591341921.168071	-	-	-	-	-	unknown_protocol	2	F	zeek
1591342423.719694	-	-	-	-	-	non_ip_packet_in_ethernet	-	F	zeek
1591342521.340339	-	-	-	-	-	unknown_protocol	2	F	zeek
1591343024.511440	-	-	-	-	-	non_ip_packet_in_ethernet	-	F	zeek
1591343127.014521	-	-	-	-	-	unknown_protocol	2	F	zeek
1591343635.577382	-	-	-	-	-	non_ip_packet_in_ethernet	-	F	zeek
1591343727.088928	-	-	-	-	-	unknown_protocol	2	F	zeek
1591344240.358474	-	-	-	-	-	non_ip_packet_in_ethernet	-	F	zeek
1591344327.163643	-	-	-	-	-	unknown_protocol	2	F	zeek
1591344846.097114	-	-	-	-	-	non_ip_packet_in_ethernet	-	F	zeek
1591344927.246236	-	-	-	-	-	unknown_protocol	2	F	zeek
1591345449.659429	-	-	-	-	-	non_ip_packet_in_ethernet	-	F	zeek
1591345859.002863	-	-	-	-	-	unknown_protocol	2	F	zeek
1591346056.205677	-	-	-	-	-	non_ip_packet_in_ethernet	-	F	zeek
1591346656.760309	-	-	-	-	-	non_ip_packet_in_ethernet	-	F	zeek
1591346686.903168	-	-	-	-	-	unknown_protocol	2	F	zeek
1591347266.132701	-	-	-	-	-	non_ip_packet_in_ethernet	-	F	zeek
1591347286.964884	-	-	-	-	-	unknown_protocol	2	F	zeek
1591347868.559476	-	-	-	-	-	non_ip_packet_in_ethernet	-	F	zeek
1591347913.421439	-	-	-	-	-	unknown_protocol	2	F	zeek
1591348477.525740	-	-	-	-	-	non_ip_packet_in_ethernet	-	F	zeek
1591348522.014666	-	-	-	-	-	unknown_protocol	2	F	zeek
1591349079.913412	-	-	-	-	-	non_ip_packet_in_ethernet	-	F	zeek
1591349126.867739	-	-	-	-	-	unknown_protocol	2	F	zeek
1591349679.554994	-	-	-	-	-	non_ip_packet_in_ethernet	-	F	zeek
1591350059.175876	-	-	-	-	-	unknown_protocol	2	F	zeek
1591350281.548306	-	-	-	-	-	non_ip_packet_in_ethernet	-	F	zeek
1591350659.196284	-	-	-	-	-	unknown_protocol	2	F	zeek
1591350898.099596	-	-	-	-	-	non_ip_packet_in_ethernet	-	F	zeek
1591351259.216317	-	-	-	-	-	unknown_protocol	2	F	zeek
1591351506.483876	-	-	-	-	-	non_ip_packet_in_ethernet	-	F	zeek
1591351859.235191	-	-	-	-	-	unknown_protocol	2	F	zeek
1591352111.456857	-	-	-	-	-	non_ip_packet_in_ethernet	-	F	zeek
1591352687.585785	-	-	-	-	-	unknown_protocol	2	F	zeek
1591352723.463764	-	-	-	-	-	non_ip_packet_in_ethernet	-	F	zeek
1591353314.105036	-	-	-	-	-	unknown_protocol	2	F	zeek
1591353332.860182	-	-	-	-	-	non_ip_packet_in_ethernet	-	F	zeek
1591353922.837608	-	-	-	-	-	unknown_protocol	2	F	zeek
1591354498.311223	-	-	-	-	-	non_ip_packet_in_ethernet	-	F	zeek
1591354522.371639	-	-	-	-	-	unknown_protocol	2	F	zeek
1591355107.052006	-	-	-	-	-	non_ip_packet_in_ethernet	-	F	zeek
1591355459.368017	-	-	-	-	-	unknown_protocol	2	F	zeek
1591355706.526515	-	-	-	-	-	non_ip_packet_in_ethernet	-	F	zeek
1591356288.116805	-	-	-	-	-	unknown_protocol	2	F	zeek
1591356312.703425	-	-	-	-	-	non_ip_packet_in_ethernet	-	F	zeek
1591356888.173047	-	-	-	-	-	unknown_protocol	2	F	zeek
1591356917.262667	-	-	-	-	-	non_ip_packet_in_ethernet	-	F	zeek
1591357513.604543	-	-	-	-	-	unknown_protocol	2	F	zeek
1591357522.957082	-	-	-	-	-	non_ip_packet_in_ethernet	-	F	zeek
1591358122.870418	-	-	-	-	-	unknown_protocol	2	F	zeek
1591358133.185869	-	-	-	-	-	non_ip_packet_in_ethernet	-	F	zeek
1591358727.265597	-	-	-	-	-	unknown_protocol	2	F	zeek
1591358738.490311	-	-	-	-	-	non_ip_packet_in_ethernet	-	F	zeek
1591359335.053562	-	-	-	-	-	unknown_protocol	2	F	zeek
1591359359.034243	-	-	-	-	-	non_ip_packet_in_ethernet	-	F	zeek
1591359958.534799	-	-	-	-	-	unknown_protocol	2	F	zeek
1591359958.948863	-	-	-	-	-	non_ip_packet_in_ethernet	-	F	zeek
1591360561.070741	-	-	-	-	-	non_ip_packet_in_ethernet	-	F	zeek
1591361114.161223	-	-	-	-	-	unknown_protocol	2	F	zeek
1591361166.810814	-	-	-	-	-	non_ip_packet_in_ethernet	-	F	zeek
1591361723.512072	-	-	-	-	-	unknown_protocol	2	F	zeek
1591361781.038441	-	-	-	-	-	non_ip_packet_in_ethernet	-	F	zeek
1591362323.993064	-	-	-	-	-	unknown_protocol	2	F	zeek
1591362935.741749	-	-	-	-	-	unknown_protocol	2	F	zeek
1591362942.824048	-	-	-	-	-	non_ip_packet_in_ethernet	-	F	zeek
1591363535.814164	-	-	-	-	-	unknown_protocol	2	F	zeek
1591363554.919939	-	-	-	-	-	non_ip_packet_in_ethernet	-	F	zeek
1591364158.692554	-	-	-	-	-	unknown_protocol	2	F	zeek
1591364158.703629	-	-	-	-	-	non_ip_packet_in_ethernet	-	F	zeek
1591364762.722236	-	-	-	-	-	non_ip_packet_in_ethernet	-	F	zeek
1591364988.141089	-	-	-	-	-	unknown_protocol	2	F	zeek
1591365368.496465	-	-	-	-	-	non_ip_packet_in_ethernet	-	F	zeek
1591365925.981402	-	-	-	-	-	unknown_protocol	2	F	zeek
1591365972.759258	-	-	-	-	-	non_ip_packet_in_ethernet	-	F	zeek
1591366528.551377	-	-	-	-	-	unknown_protocol	2	F	zeek
1591366582.775020	-	-	-	-	-	non_ip_packet_in_ethernet	-	F	zeek
1591367135.423707	-	-	-	-	-	unknown_protocol	2	F	zeek
1591367192.793887	-	-	-	-	-	non_ip_packet_in_ethernet	-	F	zeek
1591367735.864468	-	-	-	-	-	unknown_protocol	2	F	zeek
1591367796.478721	-	-	-	-	-	non_ip_packet_in_ethernet	-	F	zeek
1591368335.698175	-	-	-	-	-	unknown_protocol	2	F	zeek
1591368398.078302	-	-	-	-	-	non_ip_packet_in_ethernet	-	F	zeek
1591368935.866392	-	-	-	-	-	unknown_protocol	2	F	zeek
1591369001.490115	-	-	-	-	-	non_ip_packet_in_ethernet	-	F	zeek
1591369535.375635	-	-	-	-	-	unknown_protocol	2	F	zeek
1591370158.918440	-	-	-	-	-	unknown_protocol	2	F	zeek
1591370170.014582	-	-	-	-	-	non_ip_packet_in_ethernet	-	F	zeek
1591370778.340953	-	-	-	-	-	non_ip_packet_in_ethernet	-	F	zeek
1591370987.793644	-	-	-	-	-	unknown_protocol	2	F	zeek
1591371384.150142	-	-	-	-	-	non_ip_packet_in_ethernet	-	F	zeek
1591371614.600133	-	-	-	-	-	unknown_protocol	2	F	zeek
1591371991.957146	-	-	-	-	-	non_ip_packet_in_ethernet	-	F	zeek
1591372226.325950	-	-	-	-	-	unknown_protocol	2	F	zeek
1591372596.484984	-	-	-	-	-	non_ip_packet_in_ethernet	-	F	zeek
1591372826.711825	-	-	-	-	-	unknown_protocol	2	F	zeek
1591373196.450603	-	-	-	-	-	non_ip_packet_in_ethernet	-	F	zeek
1591373427.267636	-	-	-	-	-	unknown_protocol	2	F	zeek
1591373799.528972	-	-	-	-	-	non_ip_packet_in_ethernet	-	F	zeek
1591374027.803870	-	-	-	-	-	unknown_protocol	2	F	zeek
1591374400.309522	-	-	-	-	-	non_ip_packet_in_ethernet	-	F	zeek
1591374959.114243	-	-	-	-	-	unknown_protocol	2	F	zeek
1591375008.612612	-	-	-	-	-	non_ip_packet_in_ethernet	-	F	zeek
1591375559.142196	-	-	-	-	-	unknown_protocol	2	F	zeek
1591375626.503815	-	-	-	-	-	non_ip_packet_in_ethernet	-	F	zeek
1591376159.161448	-	-	-	-	-	unknown_protocol	2	F	zeek
1591376231.410051	-	-	-	-	-	non_ip_packet_in_ethernet	-	F	zeek
#close	2021-10-01-17-45-37
